<?xml version="1.0" encoding="UTF-8"?>
<testng-results ignored="0" total="1" passed="1" failed="0" skipped="0">
  <reporter-output>
  </reporter-output>
  <suite started-at="2021-11-12T10:44:41 IST" name="Default suite" finished-at="2021-11-12T10:44:49 IST" duration-ms="8125">
    <groups>
    </groups>
    <test started-at="2021-11-12T10:44:41 IST" name="Default test" finished-at="2021-11-12T10:44:49 IST" duration-ms="8125">
      <class name="com.practice.TableHandlingTest">
        <test-method signature="tableHandlingTest()[pri:0, instance:com.practice.TableHandlingTest@5223e5ee]" started-at="2021-11-12T10:44:41 IST" name="tableHandlingTest" finished-at="2021-11-12T10:44:49 IST" duration-ms="8090" status="PASS">
          <reporter-output>
          </reporter-output>
        </test-method> <!-- tableHandlingTest -->
      </class> <!-- com.practice.TableHandlingTest -->
    </test> <!-- Default test -->
  </suite> <!-- Default suite -->
</testng-results>
